<?xml version="1.0" encoding="UTF-8"?>
<testng-results ignored="0" total="6" passed="5" failed="1" skipped="0">
  <reporter-output>
  </reporter-output>
  <suite started-at="2023-05-18T13:04:17 NPT" name=" Automation Suite" finished-at="2023-05-18T13:06:09 NPT" duration-ms="112133">
    <groups>
    </groups>
    <test started-at="2023-05-18T13:04:17 NPT" name="LOGIN (Combinations) TEST For chrome" finished-at="2023-05-18T13:05:58 NPT" duration-ms="100794">
      <class name="Tests.AllTest">
        <test-method is-config="true" signature="loadData(java.lang.String)[pri:0, instance:Tests.AllTest@4d9e68d0]" started-at="2023-05-18T13:04:17 NPT" name="loadData" finished-at="2023-05-18T13:04:35 NPT" duration-ms="17807" status="PASS">
          <params>
            <param index="0">
              <value>
                <![CDATA[chrome]]>
              </value>
            </param>
          </params>
          <reporter-output>
          </reporter-output>
        </test-method> <!-- loadData -->
        <test-method signature="testToAddAdminUser()[pri:0, instance:Tests.AllTest@4d9e68d0]" started-at="2023-05-18T13:04:35 NPT" name="testToAddAdminUser" finished-at="2023-05-18T13:04:48 NPT" duration-ms="13179" status="PASS">
          <reporter-output>
          </reporter-output>
        </test-method> <!-- testToAddAdminUser -->
        <test-method is-config="true" signature="tearDown()[pri:0, instance:Tests.AllTest@4d9e68d0]" started-at="2023-05-18T13:04:48 NPT" name="tearDown" finished-at="2023-05-18T13:04:48 NPT" duration-ms="530" status="PASS">
          <reporter-output>
          </reporter-output>
        </test-method> <!-- tearDown -->
        <test-method is-config="true" signature="loadData(java.lang.String)[pri:0, instance:Tests.AllTest@4d9e68d0]" started-at="2023-05-18T13:04:48 NPT" name="loadData" finished-at="2023-05-18T13:05:00 NPT" duration-ms="11822" status="PASS">
          <params>
            <param index="0">
              <value>
                <![CDATA[chrome]]>
              </value>
            </param>
          </params>
          <reporter-output>
          </reporter-output>
        </test-method> <!-- loadData -->
        <test-method signature="testToAddPimUser()[pri:0, instance:Tests.AllTest@4d9e68d0]" started-at="2023-05-18T13:05:00 NPT" name="testToAddPimUser" finished-at="2023-05-18T13:05:27 NPT" duration-ms="26767" status="PASS">
          <reporter-output>
          </reporter-output>
        </test-method> <!-- testToAddPimUser -->
        <test-method is-config="true" signature="tearDown()[pri:0, instance:Tests.AllTest@4d9e68d0]" started-at="2023-05-18T13:05:27 NPT" name="tearDown" finished-at="2023-05-18T13:05:27 NPT" duration-ms="293" status="PASS">
          <reporter-output>
          </reporter-output>
        </test-method> <!-- tearDown -->
        <test-method is-config="true" signature="loadData(java.lang.String)[pri:0, instance:Tests.AllTest@4d9e68d0]" started-at="2023-05-18T13:05:27 NPT" name="loadData" finished-at="2023-05-18T13:05:38 NPT" duration-ms="11090" status="PASS">
          <params>
            <param index="0">
              <value>
                <![CDATA[chrome]]>
              </value>
            </param>
          </params>
          <reporter-output>
          </reporter-output>
        </test-method> <!-- loadData -->
        <test-method signature="testToAssertTheRequiredField()[pri:0, instance:Tests.AllTest@4d9e68d0]" started-at="2023-05-18T13:05:38 NPT" name="testToAssertTheRequiredField" finished-at="2023-05-18T13:05:57 NPT" duration-ms="18906" status="FAIL">
          <exception class="org.openqa.selenium.TimeoutException">
            <message>
              <![CDATA[Expected condition failed: waiting for element to be clickable: Proxy element for: DefaultElementLocator 'By.xpath: //a[contains(text(),'Assign Leave')]' (tried for 10 second(s) with 500 milliseconds interval)]]>
            </message>
            <full-stacktrace>
              <![CDATA[org.openqa.selenium.TimeoutException: Expected condition failed: waiting for element to be clickable: Proxy element for: DefaultElementLocator 'By.xpath: //a[contains(text(),'Assign Leave')]' (tried for 10 second(s) with 500 milliseconds interval)
at org.openqa.selenium.support.ui.WebDriverWait.timeoutException(WebDriverWait.java:87)
at org.openqa.selenium.support.ui.FluentWait.until(FluentWait.java:231)
at Helpers.Hooks.waitForThisTobeClickable(Hooks.java:69)
at Tests.AllTest.testToAssertTheRequiredField(AllTest.java:75)
at java.base/jdk.internal.reflect.NativeMethodAccessorImpl.invoke0(Native Method)
at java.base/jdk.internal.reflect.NativeMethodAccessorImpl.invoke(NativeMethodAccessorImpl.java:77)
at java.base/jdk.internal.reflect.DelegatingMethodAccessorImpl.invoke(DelegatingMethodAccessorImpl.java:43)
at java.base/java.lang.reflect.Method.invoke(Method.java:568)
at org.testng.internal.invokers.MethodInvocationHelper.invokeMethod(MethodInvocationHelper.java:135)
at org.testng.internal.invokers.TestInvoker.invokeMethod(TestInvoker.java:673)
at org.testng.internal.invokers.TestInvoker.invokeTestMethod(TestInvoker.java:220)
at org.testng.internal.invokers.MethodRunner.runInSequence(MethodRunner.java:50)
at org.testng.internal.invokers.TestInvoker$MethodInvocationAgent.invoke(TestInvoker.java:945)
at org.testng.internal.invokers.TestInvoker.invokeTestMethods(TestInvoker.java:193)
at org.testng.internal.invokers.TestMethodWorker.invokeTestMethods(TestMethodWorker.java:146)
at org.testng.internal.invokers.TestMethodWorker.run(TestMethodWorker.java:128)
at java.base/java.util.ArrayList.forEach(ArrayList.java:1511)
at org.testng.TestRunner.privateRun(TestRunner.java:808)
at org.testng.TestRunner.run(TestRunner.java:603)
at org.testng.SuiteRunner.runTest(SuiteRunner.java:429)
at org.testng.SuiteRunner.access$000(SuiteRunner.java:32)
at org.testng.SuiteRunner$SuiteWorker.run(SuiteRunner.java:467)
at org.testng.internal.thread.ThreadUtil.lambda$execute$0(ThreadUtil.java:58)
at java.base/java.util.concurrent.FutureTask.run(FutureTask.java:264)
at java.base/java.util.concurrent.ThreadPoolExecutor.runWorker(ThreadPoolExecutor.java:1136)
at java.base/java.util.concurrent.ThreadPoolExecutor$Worker.run(ThreadPoolExecutor.java:635)
at java.base/java.lang.Thread.run(Thread.java:833)
Caused by: org.openqa.selenium.NoSuchElementException: no such element: Unable to locate element: {"method":"xpath","selector":"//a[contains(text(),'Assign Leave')]"}
  (Session info: chrome=113.0.5672.93)
For documentation on this error, please visit: https://selenium.dev/exceptions/#no_such_element
Build info: version: '4.1.3', revision: '7b1ebf28ef'
System info: host: 'DESKTOP-1VCMKRE', ip: '172.168.10.53', os.name: 'Windows 10', os.arch: 'amd64', os.version: '10.0', java.version: '17.0.6'
Driver info: org.openqa.selenium.chrome.ChromeDriver
Command: [22a400b8c4a781230cfeed896a8a2506, findElement {using=xpath, value=//a[contains(text(),'Assign Leave')]}]
Capabilities {acceptInsecureCerts: false, browserName: chrome, browserVersion: 113.0.5672.93, chrome: {chromedriverVersion: 113.0.5672.63 (0e1a4471d5ae..., userDataDir: C:\Users\Acer\AppData\Local...}, goog:chromeOptions: {debuggerAddress: localhost:64393}, javascriptEnabled: true, networkConnectionEnabled: false, pageLoadStrategy: normal, platform: WINDOWS, platformName: WINDOWS, proxy: Proxy(), se:cdp: ws://localhost:64393/devtoo..., se:cdpVersion: 113.0.5672.93, setWindowRect: true, strictFileInteractability: false, timeouts: {implicit: 0, pageLoad: 300000, script: 30000}, unhandledPromptBehavior: dismiss and notify, webauthn:extension:credBlob: true, webauthn:extension:largeBlob: true, webauthn:extension:minPinLength: true, webauthn:extension:prf: true, webauthn:virtualAuthenticators: true}
Session ID: 22a400b8c4a781230cfeed896a8a2506
at jdk.internal.reflect.GeneratedConstructorAccessor16.newInstance(Unknown Source)
at java.base/jdk.internal.reflect.DelegatingConstructorAccessorImpl.newInstance(DelegatingConstructorAccessorImpl.java:45)
at java.base/java.lang.reflect.Constructor.newInstanceWithCaller(Constructor.java:499)
at java.base/java.lang.reflect.Constructor.newInstance(Constructor.java:480)
at org.openqa.selenium.remote.codec.w3c.W3CHttpResponseCodec.createException(W3CHttpResponseCodec.java:200)
at org.openqa.selenium.remote.codec.w3c.W3CHttpResponseCodec.decode(W3CHttpResponseCodec.java:133)
at org.openqa.selenium.remote.codec.w3c.W3CHttpResponseCodec.decode(W3CHttpResponseCodec.java:53)
at org.openqa.selenium.remote.HttpCommandExecutor.execute(HttpCommandExecutor.java:184)
at org.openqa.selenium.remote.service.DriverCommandExecutor.invokeExecute(DriverCommandExecutor.java:167)
at org.openqa.selenium.remote.service.DriverCommandExecutor.execute(DriverCommandExecutor.java:142)
at org.openqa.selenium.remote.RemoteWebDriver.execute(RemoteWebDriver.java:567)
at org.openqa.selenium.remote.ElementLocation$ElementFinder$2.findElement(ElementLocation.java:162)
at org.openqa.selenium.remote.ElementLocation.findElement(ElementLocation.java:60)
at org.openqa.selenium.remote.RemoteWebDriver.findElement(RemoteWebDriver.java:385)
at org.openqa.selenium.remote.RemoteWebDriver.findElement(RemoteWebDriver.java:377)
at org.openqa.selenium.support.pagefactory.DefaultElementLocator.findElement(DefaultElementLocator.java:70)
at org.openqa.selenium.support.pagefactory.internal.LocatingElementHandler.invoke(LocatingElementHandler.java:39)
at jdk.proxy2/jdk.proxy2.$Proxy14.isDisplayed(Unknown Source)
at org.openqa.selenium.support.ui.ExpectedConditions.elementIfVisible(ExpectedConditions.java:307)
at org.openqa.selenium.support.ui.ExpectedConditions.access$000(ExpectedConditions.java:40)
at org.openqa.selenium.support.ui.ExpectedConditions$10.apply(ExpectedConditions.java:293)
at org.openqa.selenium.support.ui.ExpectedConditions$10.apply(ExpectedConditions.java:290)
at org.openqa.selenium.support.ui.ExpectedConditions$23.apply(ExpectedConditions.java:660)
at org.openqa.selenium.support.ui.ExpectedConditions$23.apply(ExpectedConditions.java:656)
at org.openqa.selenium.support.ui.FluentWait.until(FluentWait.java:208)
... 25 more
]]>
            </full-stacktrace>
          </exception> <!-- org.openqa.selenium.TimeoutException -->
          <reporter-output>
          </reporter-output>
        </test-method> <!-- testToAssertTheRequiredField -->
        <test-method is-config="true" signature="tearDown()[pri:0, instance:Tests.AllTest@4d9e68d0]" started-at="2023-05-18T13:05:57 NPT" name="tearDown" finished-at="2023-05-18T13:05:58 NPT" duration-ms="334" status="PASS">
          <reporter-output>
          </reporter-output>
        </test-method> <!-- tearDown -->
      </class> <!-- Tests.AllTest -->
    </test> <!-- LOGIN (Combinations) TEST For chrome -->
    <test started-at="2023-05-18T13:04:17 NPT" name="LOGIN (Combinations) TEST For firefox" finished-at="2023-05-18T13:06:09 NPT" duration-ms="112133">
      <class name="Tests.AllTest">
        <test-method is-config="true" signature="loadData(java.lang.String)[pri:0, instance:Tests.AllTest@10e41621]" started-at="2023-05-18T13:04:17 NPT" name="loadData" finished-at="2023-05-18T13:04:37 NPT" duration-ms="19942" status="PASS">
          <params>
            <param index="0">
              <value>
                <![CDATA[firefox]]>
              </value>
            </param>
          </params>
          <reporter-output>
          </reporter-output>
        </test-method> <!-- loadData -->
        <test-method signature="testToAddAdminUser()[pri:0, instance:Tests.AllTest@10e41621]" started-at="2023-05-18T13:04:37 NPT" name="testToAddAdminUser" finished-at="2023-05-18T13:04:53 NPT" duration-ms="15778" status="PASS">
          <reporter-output>
          </reporter-output>
        </test-method> <!-- testToAddAdminUser -->
        <test-method is-config="true" signature="tearDown()[pri:0, instance:Tests.AllTest@10e41621]" started-at="2023-05-18T13:04:53 NPT" name="tearDown" finished-at="2023-05-18T13:04:55 NPT" duration-ms="1943" status="PASS">
          <reporter-output>
          </reporter-output>
        </test-method> <!-- tearDown -->
        <test-method is-config="true" signature="loadData(java.lang.String)[pri:0, instance:Tests.AllTest@10e41621]" started-at="2023-05-18T13:04:55 NPT" name="loadData" finished-at="2023-05-18T13:05:10 NPT" duration-ms="15222" status="PASS">
          <params>
            <param index="0">
              <value>
                <![CDATA[firefox]]>
              </value>
            </param>
          </params>
          <reporter-output>
          </reporter-output>
        </test-method> <!-- loadData -->
        <test-method signature="testToAddPimUser()[pri:0, instance:Tests.AllTest@10e41621]" started-at="2023-05-18T13:05:10 NPT" name="testToAddPimUser" finished-at="2023-05-18T13:05:36 NPT" duration-ms="26271" status="PASS">
          <reporter-output>
          </reporter-output>
        </test-method> <!-- testToAddPimUser -->
        <test-method is-config="true" signature="tearDown()[pri:0, instance:Tests.AllTest@10e41621]" started-at="2023-05-18T13:05:36 NPT" name="tearDown" finished-at="2023-05-18T13:05:38 NPT" duration-ms="1814" status="PASS">
          <reporter-output>
          </reporter-output>
        </test-method> <!-- tearDown -->
        <test-method is-config="true" signature="loadData(java.lang.String)[pri:0, instance:Tests.AllTest@10e41621]" started-at="2023-05-18T13:05:38 NPT" name="loadData" finished-at="2023-05-18T13:05:53 NPT" duration-ms="15484" status="PASS">
          <params>
            <param index="0">
              <value>
                <![CDATA[firefox]]>
              </value>
            </param>
          </params>
          <reporter-output>
          </reporter-output>
        </test-method> <!-- loadData -->
        <test-method signature="testToAssertTheRequiredField()[pri:0, instance:Tests.AllTest@10e41621]" started-at="2023-05-18T13:05:53 NPT" name="testToAssertTheRequiredField" finished-at="2023-05-18T13:06:08 NPT" duration-ms="14103" status="PASS">
          <reporter-output>
          </reporter-output>
        </test-method> <!-- testToAssertTheRequiredField -->
        <test-method is-config="true" signature="tearDown()[pri:0, instance:Tests.AllTest@10e41621]" started-at="2023-05-18T13:06:08 NPT" name="tearDown" finished-at="2023-05-18T13:06:09 NPT" duration-ms="1523" status="PASS">
          <reporter-output>
          </reporter-output>
        </test-method> <!-- tearDown -->
      </class> <!-- Tests.AllTest -->
    </test> <!-- LOGIN (Combinations) TEST For firefox -->
  </suite> <!--  Automation Suite -->
</testng-results>
